<?xml version="1.0" encoding="UTF-8"?>
<!-- Generated by org.testng.reporters.JUnitReportReporter -->
<testsuite hostname="Vetrivendans-MacBook-Air.local" failures="0" tests="3" name="SeleniumFrameworkDesign.Tests.SubmitOrderTest" time="24.372" errors="0" timestamp="2025-03-18T11:31:52 AEDT" skipped="0">
  <testcase classname="SeleniumFrameworkDesign.Tests.SubmitOrderTest" name="OrderHistoryTest" time="7.851"/>
  <testcase classname="SeleniumFrameworkDesign.Tests.SubmitOrderTest" name="SubmitOrder" time="8.506"/>
  <testcase classname="SeleniumFrameworkDesign.Tests.SubmitOrderTest" name="SubmitOrder" time="8.015"/>
</testsuite> <!-- SeleniumFrameworkDesign.Tests.SubmitOrderTest -->
