<?xml version="1.0" encoding="UTF-8"?>
<!-- Generated by org.testng.reporters.JUnitReportReporter -->
<testsuite hostname="Vetrivendans-MacBook-Air.local" failures="0" tests="3" name="SeleniumFrameworkDesign.Tests.SubmitOrderTest" time="22.239" errors="0" timestamp="2025-03-18T23:41:44 AEDT" skipped="0">
  <testcase classname="SeleniumFrameworkDesign.Tests.SubmitOrderTest" name="SubmitOrder" time="11.063"/>
  <testcase classname="SeleniumFrameworkDesign.Tests.SubmitOrderTest" name="SubmitOrder" time="8.465"/>
  <testcase classname="SeleniumFrameworkDesign.Tests.SubmitOrderTest" name="OrderHistoryTest" time="2.711"/>
</testsuite> <!-- SeleniumFrameworkDesign.Tests.SubmitOrderTest -->
