<?xml version="1.0" encoding="UTF-8"?>
<!-- Generated by org.testng.reporters.JUnitReportReporter -->
<testsuite hostname="Vetrivendans-MacBook-Air.local" failures="0" tests="1" name="cucumber.TestNGTestRunner" time="10.148" errors="0" timestamp="2025-03-20T16:36:42 AEDT" skipped="0">
  <testcase classname="cucumber.TestNGTestRunner" name="runScenario" time="10.148"/>
</testsuite> <!-- cucumber.TestNGTestRunner -->
